app/build/intermediates/manifest_merge_blame_file/debug/manifest-merger-blame-debug-report.txt
1<?xml version="1.0" encoding="utf-8"?>
2<manifest xmlns:android="http://schemas.android.com/apk/res/android"
3    package="net.micode.notes"
4    android:versionCode="1"
5    android:versionName="0.1" >
6
7    <uses-sdk
7-->src\main\AndroidManifest.xml:7:5-44
8        android:minSdkVersion="30"
8-->src\main\AndroidManifest.xml:7:15-41
9        android:targetSdkVersion="30" />
9-->src\main\AndroidManifest.xml:7:5-44
10
11    <uses-permission android:name="android.permission.WRITE_EXTERNAL_STORAGE" />
11-->src\main\AndroidManifest.xml:9:5-81
11-->src\main\AndroidManifest.xml:9:22-78
12    <uses-permission android:name="com.android.launcher.permission.INSTALL_SHORTCUT" />
12-->src\main\AndroidManifest.xml:10:5-88
12-->src\main\AndroidManifest.xml:10:22-85
13    <uses-permission android:name="android.permission.INTERNET" />
13-->src\main\AndroidManifest.xml:11:5-67
13-->src\main\AndroidManifest.xml:11:22-64
14    <uses-permission android:name="android.permission.READ_CONTACTS" />
14-->src\main\AndroidManifest.xml:12:5-72
14-->src\main\AndroidManifest.xml:12:22-69
15    <uses-permission android:name="android.permission.MANAGE_ACCOUNTS" />
15-->src\main\AndroidManifest.xml:13:5-74
15-->src\main\AndroidManifest.xml:13:22-71
16    <uses-permission android:name="android.permission.AUTHENTICATE_ACCOUNTS" />
16-->src\main\AndroidManifest.xml:14:5-80
16-->src\main\AndroidManifest.xml:14:22-77
17    <uses-permission android:name="android.permission.GET_ACCOUNTS" />
17-->src\main\AndroidManifest.xml:15:5-71
17-->src\main\AndroidManifest.xml:15:22-68
18    <uses-permission android:name="android.permission.USE_CREDENTIALS" />
18-->src\main\AndroidManifest.xml:16:5-74
18-->src\main\AndroidManifest.xml:16:22-71
19    <uses-permission android:name="android.permission.RECEIVE_BOOT_COMPLETED" />
19-->src\main\AndroidManifest.xml:17:5-81
19-->src\main\AndroidManifest.xml:17:22-78
20
21    <application
21-->src\main\AndroidManifest.xml:19:5-140:19
22        android:appComponentFactory="androidx.core.app.CoreComponentFactory"
22-->[androidx.core:core:1.3.2] AndroidManifest.xml:24:18-86
23        android:debuggable="true"
24        android:extractNativeLibs="false"
25        android:icon="@drawable/icon_app"
25-->src\main\AndroidManifest.xml:20:9-42
26        android:label="@string/app_name"
26-->src\main\AndroidManifest.xml:21:9-41
27        android:testOnly="true" >
28        <activity
28-->src\main\AndroidManifest.xml:22:9-24:40
29            android:name="net.micode.notes.ui.EditActivity"
29-->src\main\AndroidManifest.xml:23:13-44
30            android:exported="false" />
30-->src\main\AndroidManifest.xml:24:13-37
31        <activity
31-->src\main\AndroidManifest.xml:25:9-28:41
32            android:name="net.micode.notes.ui.AddActivity"
32-->src\main\AndroidManifest.xml:26:13-43
33            android:exported="false"
33-->src\main\AndroidManifest.xml:27:13-37
34            android:label="add notes" />
34-->src\main\AndroidManifest.xml:28:13-38
35        <activity
35-->src\main\AndroidManifest.xml:29:9-32:40
36            android:name="net.micode.notes.ui.SafeFolderActivity"
36-->src\main\AndroidManifest.xml:30:13-50
37            android:exported="false"
37-->src\main\AndroidManifest.xml:32:13-37
38            android:label="safe folder" />
38-->src\main\AndroidManifest.xml:31:13-40
39        <activity
39-->src\main\AndroidManifest.xml:33:9-35:40
40            android:name="net.micode.notes.ui.pwdActivity"
40-->src\main\AndroidManifest.xml:34:13-43
41            android:exported="false" />
41-->src\main\AndroidManifest.xml:35:13-37
42        <activity
42-->src\main\AndroidManifest.xml:36:9-49:20
43            android:name="net.micode.notes.ui.NotesListActivity"
43-->src\main\AndroidManifest.xml:37:13-49
44            android:configChanges="keyboardHidden|orientation|screenSize"
44-->src\main\AndroidManifest.xml:38:13-74
45            android:label="@string/app_name"
45-->src\main\AndroidManifest.xml:39:13-45
46            android:launchMode="singleTop"
46-->src\main\AndroidManifest.xml:40:13-43
47            android:theme="@style/NoteTheme"
47-->src\main\AndroidManifest.xml:41:13-45
48            android:uiOptions="splitActionBarWhenNarrow"
48-->src\main\AndroidManifest.xml:42:13-57
49            android:windowSoftInputMode="adjustPan" >
49-->src\main\AndroidManifest.xml:43:13-52
50            <intent-filter>
50-->src\main\AndroidManifest.xml:44:13-48:29
51                <action android:name="android.intent.action.MAIN" />
51-->src\main\AndroidManifest.xml:45:17-69
51-->src\main\AndroidManifest.xml:45:25-66
52
53                <category android:name="android.intent.category.LAUNCHER" />
53-->src\main\AndroidManifest.xml:47:17-77
53-->src\main\AndroidManifest.xml:47:27-74
54            </intent-filter>
55        </activity>
56        <activity
56-->src\main\AndroidManifest.xml:50:9-80:20
57            android:name="net.micode.notes.ui.NoteEditActivity"
57-->src\main\AndroidManifest.xml:51:13-48
58            android:configChanges="keyboardHidden|orientation|screenSize"
58-->src\main\AndroidManifest.xml:52:13-74
59            android:launchMode="singleTop"
59-->src\main\AndroidManifest.xml:53:13-43
60            android:theme="@style/NoteTheme" >
60-->src\main\AndroidManifest.xml:54:13-45
61            <intent-filter>
61-->src\main\AndroidManifest.xml:55:13-62:29
62                <action android:name="android.intent.action.VIEW" />
62-->src\main\AndroidManifest.xml:56:17-69
62-->src\main\AndroidManifest.xml:56:25-66
63
64                <category android:name="android.intent.category.DEFAULT" />
64-->src\main\AndroidManifest.xml:58:17-76
64-->src\main\AndroidManifest.xml:58:27-73
65
66                <data android:mimeType="vnd.android.cursor.item/text_note" />
66-->src\main\AndroidManifest.xml:60:17-78
66-->src\main\AndroidManifest.xml:60:23-75
67                <data android:mimeType="vnd.android.cursor.item/call_note" />
67-->src\main\AndroidManifest.xml:60:17-78
67-->src\main\AndroidManifest.xml:60:23-75
68            </intent-filter>
69            <intent-filter>
69-->src\main\AndroidManifest.xml:63:13-70:29
70                <action android:name="android.intent.action.INSERT_OR_EDIT" />
70-->src\main\AndroidManifest.xml:64:17-79
70-->src\main\AndroidManifest.xml:64:25-76
71
72                <category android:name="android.intent.category.DEFAULT" />
72-->src\main\AndroidManifest.xml:58:17-76
72-->src\main\AndroidManifest.xml:58:27-73
73
74                <data android:mimeType="vnd.android.cursor.item/text_note" />
74-->src\main\AndroidManifest.xml:60:17-78
74-->src\main\AndroidManifest.xml:60:23-75
75                <data android:mimeType="vnd.android.cursor.item/call_note" />
75-->src\main\AndroidManifest.xml:60:17-78
75-->src\main\AndroidManifest.xml:60:23-75
76            </intent-filter>
77            <intent-filter>
77-->src\main\AndroidManifest.xml:71:13-75:29
78                <action android:name="android.intent.action.SEARCH" />
78-->src\main\AndroidManifest.xml:72:17-71
78-->src\main\AndroidManifest.xml:72:25-68
79
80                <category android:name="android.intent.category.DEFAULT" />
80-->src\main\AndroidManifest.xml:58:17-76
80-->src\main\AndroidManifest.xml:58:27-73
81            </intent-filter>
82
83            <meta-data
83-->src\main\AndroidManifest.xml:77:13-79:54
84                android:name="android.app.searchable"
84-->src\main\AndroidManifest.xml:78:17-54
85                android:resource="@xml/searchable" />
85-->src\main\AndroidManifest.xml:79:17-51
86        </activity>
87
88        <provider
88-->src\main\AndroidManifest.xml:82:9-85:43
89            android:name="net.micode.notes.data.NotesProvider"
89-->src\main\AndroidManifest.xml:83:13-63
90            android:authorities="micode_notes"
90-->src\main\AndroidManifest.xml:84:13-47
91            android:multiprocess="true" />
91-->src\main\AndroidManifest.xml:85:13-40
92
93        <receiver
93-->src\main\AndroidManifest.xml:87:9-99:20
94            android:name="net.micode.notes.widget.NoteWidgetProvider_2x"
94-->src\main\AndroidManifest.xml:88:13-57
95            android:label="@string/app_widget2x2" >
95-->src\main\AndroidManifest.xml:89:13-50
96            <intent-filter>
96-->src\main\AndroidManifest.xml:90:13-94:29
97                <action android:name="android.appwidget.action.APPWIDGET_UPDATE" />
97-->src\main\AndroidManifest.xml:91:17-84
97-->src\main\AndroidManifest.xml:91:25-81
98                <action android:name="android.appwidget.action.APPWIDGET_DELETED" />
98-->src\main\AndroidManifest.xml:92:17-85
98-->src\main\AndroidManifest.xml:92:25-82
99                <action android:name="android.intent.action.PRIVACY_MODE_CHANGED" />
99-->src\main\AndroidManifest.xml:93:17-85
99-->src\main\AndroidManifest.xml:93:25-82
100            </intent-filter>
101
102            <meta-data
102-->src\main\AndroidManifest.xml:96:13-98:58
103                android:name="android.appwidget.provider"
103-->src\main\AndroidManifest.xml:97:17-58
104                android:resource="@xml/widget_2x_info" />
104-->src\main\AndroidManifest.xml:98:17-55
105        </receiver>
106        <receiver
106-->src\main\AndroidManifest.xml:100:9-112:20
107            android:name="net.micode.notes.widget.NoteWidgetProvider_4x"
107-->src\main\AndroidManifest.xml:101:13-57
108            android:label="@string/app_widget4x4" >
108-->src\main\AndroidManifest.xml:102:13-50
109            <intent-filter>
109-->src\main\AndroidManifest.xml:90:13-94:29
110                <action android:name="android.appwidget.action.APPWIDGET_UPDATE" />
110-->src\main\AndroidManifest.xml:91:17-84
110-->src\main\AndroidManifest.xml:91:25-81
111                <action android:name="android.appwidget.action.APPWIDGET_DELETED" />
111-->src\main\AndroidManifest.xml:92:17-85
111-->src\main\AndroidManifest.xml:92:25-82
112                <action android:name="android.intent.action.PRIVACY_MODE_CHANGED" />
112-->src\main\AndroidManifest.xml:93:17-85
112-->src\main\AndroidManifest.xml:93:25-82
113            </intent-filter>
114
115            <meta-data
115-->src\main\AndroidManifest.xml:96:13-98:58
116                android:name="android.appwidget.provider"
116-->src\main\AndroidManifest.xml:97:17-58
117                android:resource="@xml/widget_4x_info" />
117-->src\main\AndroidManifest.xml:98:17-55
118        </receiver>
119        <receiver android:name="net.micode.notes.ui.AlarmInitReceiver" >
119-->src\main\AndroidManifest.xml:113:9-117:20
119-->src\main\AndroidManifest.xml:113:19-55
120            <intent-filter>
120-->src\main\AndroidManifest.xml:114:13-116:29
121                <action android:name="android.intent.action.BOOT_COMPLETED" />
121-->src\main\AndroidManifest.xml:115:17-79
121-->src\main\AndroidManifest.xml:115:25-76
122            </intent-filter>
123        </receiver>
124        <receiver
124-->src\main\AndroidManifest.xml:118:9-120:41
125            android:name="net.micode.notes.ui.AlarmReceiver"
125-->src\main\AndroidManifest.xml:119:13-45
126            android:process=":remote" />
126-->src\main\AndroidManifest.xml:120:13-38
127
128        <activity
128-->src\main\AndroidManifest.xml:122:9-126:78
129            android:name="net.micode.notes.ui.AlarmAlertActivity"
129-->src\main\AndroidManifest.xml:123:13-50
130            android:label="@string/app_name"
130-->src\main\AndroidManifest.xml:124:13-45
131            android:launchMode="singleInstance"
131-->src\main\AndroidManifest.xml:125:13-48
132            android:theme="@android:style/Theme.Holo.Wallpaper.NoTitleBar" />
132-->src\main\AndroidManifest.xml:126:13-75
133        <activity
133-->src\main\AndroidManifest.xml:127:9-131:63
134            android:name="net.micode.notes.ui.NotesPreferenceActivity"
134-->src\main\AndroidManifest.xml:128:13-55
135            android:label="@string/preferences_title"
135-->src\main\AndroidManifest.xml:129:13-54
136            android:launchMode="singleTop"
136-->src\main\AndroidManifest.xml:130:13-43
137            android:theme="@android:style/Theme.Holo.Light" />
137-->src\main\AndroidManifest.xml:131:13-60
138
139        <service
139-->src\main\AndroidManifest.xml:133:9-135:40
140            android:name="net.micode.notes.gtask.remote.GTaskSyncService"
140-->src\main\AndroidManifest.xml:134:13-74
141            android:exported="false" />
141-->src\main\AndroidManifest.xml:135:13-37
142
143        <meta-data
143-->src\main\AndroidManifest.xml:137:9-139:52
144            android:name="android.app.default_searchable"
144-->src\main\AndroidManifest.xml:138:13-58
145            android:value=".ui.NoteEditActivity" />
145-->src\main\AndroidManifest.xml:139:13-49
146    </application>
147
148</manifest>